<?xml version="1.0" encoding="UTF-8"?>
<testng-results ignored="0" total="3" passed="3" failed="0" skipped="0">
  <reporter-output>
    <line>
      <![CDATA[Remo class method ]]>
    </line>
    <line>
      <![CDATA[Sumo class method]]>
    </line>
    <line>
      <![CDATA[Demo class method]]>
    </line>
  </reporter-output>
  <suite started-at="2022-06-04T08:46:40 IST" name="Suite" finished-at="2022-06-04T08:46:40 IST" duration-ms="75">
    <groups>
    </groups>
    <test started-at="2022-06-04T08:46:40 IST" name="Test" finished-at="2022-06-04T08:46:40 IST" duration-ms="75">
      <class name="TestNGPack.Sumo">
        <test-method signature="b()[pri:0, instance:TestNGPack.Sumo@3315d2d7]" started-at="2022-06-04T08:46:40 IST" name="b" finished-at="2022-06-04T08:46:40 IST" duration-ms="2" status="PASS">
          <reporter-output>
            <line>
              <![CDATA[Sumo class method]]>
            </line>
          </reporter-output>
        </test-method> <!-- b -->
      </class> <!-- TestNGPack.Sumo -->
      <class name="TestNGPack.Remo">
        <test-method signature="f()[pri:0, instance:TestNGPack.Remo@5f683daf]" started-at="2022-06-04T08:46:40 IST" name="f" finished-at="2022-06-04T08:46:40 IST" duration-ms="11" status="PASS">
          <reporter-output>
            <line>
              <![CDATA[Remo class method ]]>
            </line>
          </reporter-output>
        </test-method> <!-- f -->
      </class> <!-- TestNGPack.Remo -->
      <class name="TestNGPack.Demo">
        <test-method signature="a()[pri:0, instance:TestNGPack.Demo@d6e7bab]" started-at="2022-06-04T08:46:40 IST" name="a" finished-at="2022-06-04T08:46:40 IST" duration-ms="3" status="PASS">
          <reporter-output>
            <line>
              <![CDATA[Demo class method]]>
            </line>
          </reporter-output>
        </test-method> <!-- a -->
      </class> <!-- TestNGPack.Demo -->
    </test> <!-- Test -->
  </suite> <!-- Suite -->
</testng-results>
